# JRE version: OpenJDK Runtime Environment (8.0_322) (build 1.8.0_322-bre_2022_02_28_15_01-b00)
# Java VM: OpenJDK 64-Bit Server VM (25.322-b00 mixed mode bsd-amd64 compressed oops)
Heap:
 PSYoungGen      total 76288K, used 18582K [0x00000007b5580000, 0x00000007bea80000, 0x00000007c0000000)
  eden space 65536K, 28% used [0x00000007b5580000,0x00000007b67a5968,0x00000007b9580000)
  from space 10752K, 0% used [0x00000007ba000000,0x00000007ba000000,0x00000007baa80000)
  to   space 10752K, 0% used [0x00000007b9580000,0x00000007b9580000,0x00000007ba000000)
 ParOldGen       total 107520K, used 7466K [0x00000007a0000000, 0x00000007a6900000, 0x00000007b5580000)
  object space 107520K, 6% used [0x00000007a0000000,0x00000007a074ab98,0x00000007a6900000)
 Metaspace       used 22655K, capacity 24222K, committed 24320K, reserved 1071104K
  class space    used 2955K, capacity 3283K, committed 3328K, reserved 1048576K
GC Heap History (6 events):
Event: 0.957 GC heap before
{Heap before GC invocations=1 (full 0):
 PSYoungGen      total 76288K, used 65536K [0x00000007b5580000, 0x00000007baa80000, 0x00000007c0000000)
  eden space 65536K, 100% used [0x00000007b5580000,0x00000007b9580000,0x00000007b9580000)
  from space 10752K, 0% used [0x00000007ba000000,0x00000007ba000000,0x00000007baa80000)
  to   space 10752K, 0% used [0x00000007b9580000,0x00000007b9580000,0x00000007ba000000)
 ParOldGen       total 175104K, used 0K [0x00000007a0000000, 0x00000007aab00000, 0x00000007b5580000)
  object space 175104K, 0% used [0x00000007a0000000,0x00000007a0000000,0x00000007aab00000)
 Metaspace       used 15459K, capacity 16494K, committed 16640K, reserved 1062912K
  class space    used 2043K, capacity 2269K, committed 2304K, reserved 1048576K
Event: 0.965 GC heap after
Heap after GC invocations=1 (full 0):
 PSYoungGen      total 76288K, used 9908K [0x00000007b5580000, 0x00000007baa80000, 0x00000007c0000000)
  eden space 65536K, 0% used [0x00000007b5580000,0x00000007b5580000,0x00000007b9580000)
  from space 10752K, 92% used [0x00000007b9580000,0x00000007b9f2d150,0x00000007ba000000)
  to   space 10752K, 0% used [0x00000007ba000000,0x00000007ba000000,0x00000007baa80000)
 ParOldGen       total 175104K, used 16K [0x00000007a0000000, 0x00000007aab00000, 0x00000007b5580000)
  object space 175104K, 0% used [0x00000007a0000000,0x00000007a0004000,0x00000007aab00000)
 Metaspace       used 15459K, capacity 16494K, committed 16640K, reserved 1062912K
  class space    used 2043K, capacity 2269K, committed 2304K, reserved 1048576K
}
Event: 1.258 GC heap before
{Heap before GC invocations=2 (full 0):
 PSYoungGen      total 76288K, used 37529K [0x00000007b5580000, 0x00000007baa80000, 0x00000007c0000000)
  eden space 65536K, 42% used [0x00000007b5580000,0x00000007b7079698,0x00000007b9580000)
  from space 10752K, 92% used [0x00000007b9580000,0x00000007b9f2d150,0x00000007ba000000)
  to   space 10752K, 0% used [0x00000007ba000000,0x00000007ba000000,0x00000007baa80000)
 ParOldGen       total 175104K, used 16K [0x00000007a0000000, 0x00000007aab00000, 0x00000007b5580000)
  object space 175104K, 0% used [0x00000007a0000000,0x00000007a0004000,0x00000007aab00000)
 Metaspace       used 20002K, capacity 21200K, committed 21296K, reserved 1067008K
  class space    used 2627K, capacity 2890K, committed 2944K, reserved 1048576K
Event: 1.264 GC heap after
Heap after GC invocations=2 (full 0):
 PSYoungGen      total 76288K, used 7809K [0x00000007b5580000, 0x00000007bea80000, 0x00000007c0000000)
  eden space 65536K, 0% used [0x00000007b5580000,0x00000007b5580000,0x00000007b9580000)
  from space 10752K, 72% used [0x00000007ba000000,0x00000007ba7a0688,0x00000007baa80000)
  to   space 10752K, 0% used [0x00000007b9580000,0x00000007b9580000,0x00000007ba000000)
 ParOldGen       total 175104K, used 24K [0x00000007a0000000, 0x00000007aab00000, 0x00000007b5580000)
  object space 175104K, 0% used [0x00000007a0000000,0x00000007a0006000,0x00000007aab00000)
 Metaspace       used 20002K, capacity 21200K, committed 21296K, reserved 1067008K
  class space    used 2627K, capacity 2890K, committed 2944K, reserved 1048576K
}
Event: 1.264 GC heap before
{Heap before GC invocations=3 (full 1):
 PSYoungGen      total 76288K, used 7809K [0x00000007b5580000, 0x00000007bea80000, 0x00000007c0000000)
  eden space 65536K, 0% used [0x00000007b5580000,0x00000007b5580000,0x00000007b9580000)
  from space 10752K, 72% used [0x00000007ba000000,0x00000007ba7a0688,0x00000007baa80000)
  to   space 10752K, 0% used [0x00000007b9580000,0x00000007b9580000,0x00000007ba000000)
 ParOldGen       total 175104K, used 24K [0x00000007a0000000, 0x00000007aab00000, 0x00000007b5580000)
  object space 175104K, 0% used [0x00000007a0000000,0x00000007a0006000,0x00000007aab00000)
 Metaspace       used 20002K, capacity 21200K, committed 21296K, reserved 1067008K
  class space    used 2627K, capacity 2890K, committed 2944K, reserved 1048576K
Event: 1.284 GC heap after
Heap after GC invocations=3 (full 1):
 PSYoungGen      total 76288K, used 0K [0x00000007b5580000, 0x00000007bea80000, 0x00000007c0000000)
  eden space 65536K, 0% used [0x00000007b5580000,0x00000007b5580000,0x00000007b9580000)
  from space 10752K, 0% used [0x00000007ba000000,0x00000007ba000000,0x00000007baa80000)
  to   space 10752K, 0% used [0x00000007b9580000,0x00000007b9580000,0x00000007ba000000)
 ParOldGen       total 107520K, used 7466K [0x00000007a0000000, 0x00000007a6900000, 0x00000007b5580000)
  object space 107520K, 6% used [0x00000007a0000000,0x00000007a074ab98,0x00000007a6900000)
 Metaspace       used 20002K, capacity 21200K, committed 21296K, reserved 1067008K
  class space    used 2627K, capacity 2890K, committed 2944K, reserved 1048576K
}

